D:\OPT\VSWORKSPACE\LUALIB\LUALIB\DEBUG\LIOLIB.OBJ
D:\OPT\VSWORKSPACE\LUALIB\LUALIB\DEBUG\LLEX.OBJ
D:\OPT\VSWORKSPACE\LUALIB\LUALIB\DEBUG\LMATHLIB.OBJ
D:\OPT\VSWORKSPACE\LUALIB\LUALIB\DEBUG\LMEM.OBJ
D:\OPT\VSWORKSPACE\LUALIB\LUALIB\DEBUG\LOADLIB.OBJ
D:\OPT\VSWORKSPACE\LUALIB\LUALIB\DEBUG\LOBJECT.OBJ
D:\OPT\VSWORKSPACE\LUALIB\LUALIB\DEBUG\LOPCODES.OBJ
D:\OPT\VSWORKSPACE\LUALIB\LUALIB\DEBUG\LOSLIB.OBJ
D:\OPT\VSWORKSPACE\LUALIB\LUALIB\DEBUG\LPARSER.OBJ
D:\OPT\VSWORKSPACE\LUALIB\LUALIB\DEBUG\LSTATE.OBJ
D:\OPT\VSWORKSPACE\LUALIB\LUALIB\DEBUG\LSTRING.OBJ
D:\OPT\VSWORKSPACE\LUALIB\LUALIB\DEBUG\LSTRLIB.OBJ
D:\OPT\VSWORKSPACE\LUALIB\LUALIB\DEBUG\LTABLE.OBJ
D:\OPT\VSWORKSPACE\LUALIB\LUALIB\DEBUG\LTABLIB.OBJ
D:\OPT\VSWORKSPACE\LUALIB\LUALIB\DEBUG\LTM.OBJ
D:\OPT\VSWORKSPACE\LUALIB\LUALIB\DEBUG\LUA.OBJ
D:\OPT\VSWORKSPACE\LUALIB\LUALIB\DEBUG\LUAC.OBJ
D:\OPT\VSWORKSPACE\LUALIB\LUALIB\DEBUG\LUNDUMP.OBJ
D:\OPT\VSWORKSPACE\LUALIB\LUALIB\DEBUG\LVM.OBJ
D:\OPT\VSWORKSPACE\LUALIB\LUALIB\DEBUG\LZIO.OBJ
D:\OPT\VSWORKSPACE\LUALIB\LUALIB\DEBUG\LAPI.OBJ
D:\OPT\VSWORKSPACE\LUALIB\LUALIB\DEBUG\LAUXLIB.OBJ
D:\OPT\VSWORKSPACE\LUALIB\LUALIB\DEBUG\LBASELIB.OBJ
D:\OPT\VSWORKSPACE\LUALIB\LUALIB\DEBUG\LBITLIB.OBJ
D:\OPT\VSWORKSPACE\LUALIB\LUALIB\DEBUG\LCODE.OBJ
D:\OPT\VSWORKSPACE\LUALIB\LUALIB\DEBUG\LCOROLIB.OBJ
D:\OPT\VSWORKSPACE\LUALIB\LUALIB\DEBUG\LCTYPE.OBJ
D:\OPT\VSWORKSPACE\LUALIB\LUALIB\DEBUG\LDBLIB.OBJ
D:\OPT\VSWORKSPACE\LUALIB\LUALIB\DEBUG\LDEBUG.OBJ
D:\OPT\VSWORKSPACE\LUALIB\LUALIB\DEBUG\LDO.OBJ
D:\OPT\VSWORKSPACE\LUALIB\LUALIB\DEBUG\LDUMP.OBJ
D:\OPT\VSWORKSPACE\LUALIB\LUALIB\DEBUG\LFUNC.OBJ
D:\OPT\VSWORKSPACE\LUALIB\LUALIB\DEBUG\LGC.OBJ
D:\OPT\VSWORKSPACE\LUALIB\LUALIB\DEBUG\LINIT.OBJ
D:\OPT\VSWORKSPACE\LUALIB\LUALIB\DEBUG\VC110.PDB
D:\OPT\VSWORKSPACE\LUALIB\DEBUG\LUALIB.LIB
D:\opt\vsworkspace\LuaLib\LuaLib\Debug\lapi.obj
D:\opt\vsworkspace\LuaLib\LuaLib\Debug\lauxlib.obj
D:\opt\vsworkspace\LuaLib\LuaLib\Debug\lbaselib.obj
D:\opt\vsworkspace\LuaLib\LuaLib\Debug\lbitlib.obj
D:\opt\vsworkspace\LuaLib\LuaLib\Debug\lcode.obj
D:\opt\vsworkspace\LuaLib\LuaLib\Debug\lcorolib.obj
D:\opt\vsworkspace\LuaLib\LuaLib\Debug\lctype.obj
D:\opt\vsworkspace\LuaLib\LuaLib\Debug\ldblib.obj
D:\opt\vsworkspace\LuaLib\LuaLib\Debug\ldebug.obj
D:\opt\vsworkspace\LuaLib\LuaLib\Debug\ldo.obj
D:\opt\vsworkspace\LuaLib\LuaLib\Debug\ldump.obj
D:\opt\vsworkspace\LuaLib\LuaLib\Debug\lfunc.obj
D:\opt\vsworkspace\LuaLib\LuaLib\Debug\lgc.obj
D:\opt\vsworkspace\LuaLib\LuaLib\Debug\linit.obj
D:\opt\vsworkspace\LuaLib\LuaLib\Debug\liolib.obj
D:\opt\vsworkspace\LuaLib\LuaLib\Debug\llex.obj
D:\opt\vsworkspace\LuaLib\LuaLib\Debug\lmathlib.obj
D:\opt\vsworkspace\LuaLib\LuaLib\Debug\lmem.obj
D:\opt\vsworkspace\LuaLib\LuaLib\Debug\loadlib.obj
D:\opt\vsworkspace\LuaLib\LuaLib\Debug\lobject.obj
D:\opt\vsworkspace\LuaLib\LuaLib\Debug\lopcodes.obj
D:\opt\vsworkspace\LuaLib\LuaLib\Debug\loslib.obj
D:\opt\vsworkspace\LuaLib\LuaLib\Debug\lparser.obj
D:\opt\vsworkspace\LuaLib\LuaLib\Debug\lstate.obj
D:\opt\vsworkspace\LuaLib\LuaLib\Debug\lstring.obj
D:\opt\vsworkspace\LuaLib\LuaLib\Debug\lstrlib.obj
D:\opt\vsworkspace\LuaLib\LuaLib\Debug\ltable.obj
D:\opt\vsworkspace\LuaLib\LuaLib\Debug\ltablib.obj
D:\opt\vsworkspace\LuaLib\LuaLib\Debug\ltm.obj
D:\opt\vsworkspace\LuaLib\LuaLib\Debug\lua.obj
D:\opt\vsworkspace\LuaLib\LuaLib\Debug\luac.obj
D:\opt\vsworkspace\LuaLib\LuaLib\Debug\lundump.obj
D:\opt\vsworkspace\LuaLib\LuaLib\Debug\lvm.obj
D:\opt\vsworkspace\LuaLib\LuaLib\Debug\lzio.obj
D:\opt\vsworkspace\LuaLib\LuaLib\Debug\cl.command.1.tlog
D:\opt\vsworkspace\LuaLib\LuaLib\Debug\CL.read.1.tlog
D:\opt\vsworkspace\LuaLib\LuaLib\Debug\CL.write.1.tlog
D:\opt\vsworkspace\LuaLib\LuaLib\Debug\Lib-link.read.1.tlog
D:\opt\vsworkspace\LuaLib\LuaLib\Debug\Lib-link.write.1.tlog
D:\opt\vsworkspace\LuaLib\LuaLib\Debug\lib.command.1.tlog
D:\opt\vsworkspace\LuaLib\LuaLib\Debug\vc110.idb
D:\opt\vsworkspace\LuaLib\LuaLib\Debug\vc110.pdb
D:\opt\vsworkspace\LuaLib\Debug\LuaLib.lib
