D:\OPT\VSWORKSPACE\LUALIB\LUALIB\RELEASE\LOBJECT.OBJ
D:\OPT\VSWORKSPACE\LUALIB\LUALIB\RELEASE\LOADLIB.OBJ
D:\OPT\VSWORKSPACE\LUALIB\LUALIB\RELEASE\LMEM.OBJ
D:\OPT\VSWORKSPACE\LUALIB\LUALIB\RELEASE\LMATHLIB.OBJ
D:\OPT\VSWORKSPACE\LUALIB\LUALIB\RELEASE\LLEX.OBJ
D:\OPT\VSWORKSPACE\LUALIB\LUALIB\RELEASE\LIOLIB.OBJ
D:\OPT\VSWORKSPACE\LUALIB\LUALIB\RELEASE\LINIT.OBJ
D:\OPT\VSWORKSPACE\LUALIB\LUALIB\RELEASE\LGC.OBJ
D:\OPT\VSWORKSPACE\LUALIB\LUALIB\RELEASE\LFUNC.OBJ
D:\OPT\VSWORKSPACE\LUALIB\LUALIB\RELEASE\LDUMP.OBJ
D:\OPT\VSWORKSPACE\LUALIB\LUALIB\RELEASE\LDO.OBJ
D:\OPT\VSWORKSPACE\LUALIB\LUALIB\RELEASE\LDEBUG.OBJ
D:\OPT\VSWORKSPACE\LUALIB\LUALIB\RELEASE\LDBLIB.OBJ
D:\OPT\VSWORKSPACE\LUALIB\LUALIB\RELEASE\LCTYPE.OBJ
D:\OPT\VSWORKSPACE\LUALIB\LUALIB\RELEASE\LCOROLIB.OBJ
D:\OPT\VSWORKSPACE\LUALIB\LUALIB\RELEASE\LCODE.OBJ
D:\OPT\VSWORKSPACE\LUALIB\LUALIB\RELEASE\LBITLIB.OBJ
D:\OPT\VSWORKSPACE\LUALIB\LUALIB\RELEASE\LBASELIB.OBJ
D:\OPT\VSWORKSPACE\LUALIB\LUALIB\RELEASE\LAUXLIB.OBJ
D:\OPT\VSWORKSPACE\LUALIB\LUALIB\RELEASE\LAPI.OBJ
D:\OPT\VSWORKSPACE\LUALIB\LUALIB\RELEASE\LZIO.OBJ
D:\OPT\VSWORKSPACE\LUALIB\LUALIB\RELEASE\LVM.OBJ
D:\OPT\VSWORKSPACE\LUALIB\LUALIB\RELEASE\LUNDUMP.OBJ
D:\OPT\VSWORKSPACE\LUALIB\LUALIB\RELEASE\LUAC.OBJ
D:\OPT\VSWORKSPACE\LUALIB\LUALIB\RELEASE\LUA.OBJ
D:\OPT\VSWORKSPACE\LUALIB\LUALIB\RELEASE\LTM.OBJ
D:\OPT\VSWORKSPACE\LUALIB\LUALIB\RELEASE\LTABLIB.OBJ
D:\OPT\VSWORKSPACE\LUALIB\LUALIB\RELEASE\LTABLE.OBJ
D:\OPT\VSWORKSPACE\LUALIB\LUALIB\RELEASE\LSTRLIB.OBJ
D:\OPT\VSWORKSPACE\LUALIB\LUALIB\RELEASE\LSTRING.OBJ
D:\OPT\VSWORKSPACE\LUALIB\LUALIB\RELEASE\LSTATE.OBJ
D:\OPT\VSWORKSPACE\LUALIB\LUALIB\RELEASE\LPARSER.OBJ
D:\OPT\VSWORKSPACE\LUALIB\LUALIB\RELEASE\LOSLIB.OBJ
D:\OPT\VSWORKSPACE\LUALIB\LUALIB\RELEASE\LOPCODES.OBJ
D:\OPT\VSWORKSPACE\LUALIB\LUALIB\RELEASE\VC110.PDB
D:\opt\vsworkspace\LuaLib\LuaLib\Release\lapi.obj
D:\opt\vsworkspace\LuaLib\LuaLib\Release\lauxlib.obj
D:\opt\vsworkspace\LuaLib\LuaLib\Release\lbaselib.obj
D:\opt\vsworkspace\LuaLib\LuaLib\Release\lbitlib.obj
D:\opt\vsworkspace\LuaLib\LuaLib\Release\lcode.obj
D:\opt\vsworkspace\LuaLib\LuaLib\Release\lcorolib.obj
D:\opt\vsworkspace\LuaLib\LuaLib\Release\lctype.obj
D:\opt\vsworkspace\LuaLib\LuaLib\Release\ldblib.obj
D:\opt\vsworkspace\LuaLib\LuaLib\Release\ldebug.obj
D:\opt\vsworkspace\LuaLib\LuaLib\Release\ldo.obj
D:\opt\vsworkspace\LuaLib\LuaLib\Release\ldump.obj
D:\opt\vsworkspace\LuaLib\LuaLib\Release\lfunc.obj
D:\opt\vsworkspace\LuaLib\LuaLib\Release\lgc.obj
D:\opt\vsworkspace\LuaLib\LuaLib\Release\linit.obj
D:\opt\vsworkspace\LuaLib\LuaLib\Release\liolib.obj
D:\opt\vsworkspace\LuaLib\LuaLib\Release\llex.obj
D:\opt\vsworkspace\LuaLib\LuaLib\Release\lmathlib.obj
D:\opt\vsworkspace\LuaLib\LuaLib\Release\lmem.obj
D:\opt\vsworkspace\LuaLib\LuaLib\Release\loadlib.obj
D:\opt\vsworkspace\LuaLib\LuaLib\Release\lobject.obj
D:\opt\vsworkspace\LuaLib\LuaLib\Release\lopcodes.obj
D:\opt\vsworkspace\LuaLib\LuaLib\Release\loslib.obj
D:\opt\vsworkspace\LuaLib\LuaLib\Release\lparser.obj
D:\opt\vsworkspace\LuaLib\LuaLib\Release\lstate.obj
D:\opt\vsworkspace\LuaLib\LuaLib\Release\lstring.obj
D:\opt\vsworkspace\LuaLib\LuaLib\Release\lstrlib.obj
D:\opt\vsworkspace\LuaLib\LuaLib\Release\ltable.obj
D:\opt\vsworkspace\LuaLib\LuaLib\Release\ltablib.obj
D:\opt\vsworkspace\LuaLib\LuaLib\Release\ltm.obj
D:\opt\vsworkspace\LuaLib\LuaLib\Release\lua.obj
D:\opt\vsworkspace\LuaLib\LuaLib\Release\luac.obj
D:\opt\vsworkspace\LuaLib\LuaLib\Release\lundump.obj
D:\opt\vsworkspace\LuaLib\LuaLib\Release\lvm.obj
D:\opt\vsworkspace\LuaLib\LuaLib\Release\lzio.obj
D:\opt\vsworkspace\LuaLib\LuaLib\Release\cl.command.1.tlog
D:\opt\vsworkspace\LuaLib\LuaLib\Release\CL.read.1.tlog
D:\opt\vsworkspace\LuaLib\LuaLib\Release\CL.write.1.tlog
D:\opt\vsworkspace\LuaLib\LuaLib\Release\link.command.1.tlog
D:\opt\vsworkspace\LuaLib\LuaLib\Release\link.read.1.tlog
D:\opt\vsworkspace\LuaLib\LuaLib\Release\link.write.1.tlog
D:\opt\vsworkspace\LuaLib\LuaLib\Release\vc110.pdb
